<?xml version="1.0" encoding="UTF-8" standalone="no"?>
<testsuite errors="0" failures="0" name="io.cucumber.core.plugin.JUnitFormatter" skipped="0" tests="2" time="18.919">
<testcase classname="feature to test google search functionality" name="Validate google search is working" time="12.686">
<system-out><![CDATA[Given browser is open.......................................................passed
And user is on google search page...........................................passed
When user enters a test in search box.......................................passed
And hits enter..............................................................passed
Then user is navigated to search results....................................passed
]]></system-out>
</testcase>
<testcase classname="Roomload" name="diceButtons appear on the page" time="6.055">
<system-out><![CDATA[Given I open a room page....................................................passed
When the page loads.........................................................passed
Then all blue buttons appear................................................passed
Then a text box is available for me to enter my username....................passed
]]></system-out>
</testcase>
</testsuite>
